<?xml version="1.0" encoding="UTF-8"?>
<!-- Generated by org.testng.reporters.JUnitXMLReporter -->
<testsuite ignored="0" hostname="DESKTOP-AUGHFJE" failures="0" tests="10" name="Default test" time="110.919" errors="0" timestamp="2023-03-12T08:48:59 IST">
  <testcase classname="Gsreaady.Gsreaady.guru99" name="validateTitle" time="8.154"/>
  <testcase classname="Gsreaady.Gsreaady.guru99" name="validateLink" time="7.78"/>
  <testcase classname="Gsreaady.Gsreaady.guru99" name="clikAndValidateBuyOptions" time="8.578"/>
  <testcase classname="Gsreaady.Gsreaady.guru99" name="logoIsDisplay" time="8.181"/>
  <testcase classname="Gsreaady.Gsreaady.guru99" name="placeOrder" time="12.213"/>
  <testcase classname="Gsreaady.Gsreaady.guru99" name="genrateCreditCard" time="11.275"/>
  <testcase classname="Gsreaady.Gsreaady.guru99" name="toCheckTheCvvNumber" time="10.238"/>
  <testcase classname="Gsreaady.Gsreaady.guru99" name="toCheckCreditCardLimit" time="8.878"/>
  <testcase classname="Gsreaady.Gsreaady.guru99" name="verifyCartOptions" time="11.089"/>
  <testcase classname="Gsreaady.Gsreaady.guru99" name="checkCreditCardBalance" time="5.632"/>
</testsuite> <!-- Default test -->
