<?xml version="1.0" encoding="UTF-8"?>
<!-- Generated by org.testng.reporters.JUnitXMLReporter -->
<testsuite ignored="0" hostname="DESKTOP-AUGHFJE" failures="0" tests="9" name="Default test" time="109.253" errors="0" timestamp="2023-03-11T17:23:48 IST">
  <testcase classname="Gsreaady.Gsreaady.guru99" name="validateTitle" time="8.607"/>
  <testcase classname="Gsreaady.Gsreaady.guru99" name="validateLink" time="8.034"/>
  <testcase classname="Gsreaady.Gsreaady.guru99" name="clikAndValidateBuyOptions" time="8.931"/>
  <testcase classname="Gsreaady.Gsreaady.guru99" name="logoIsDisplay" time="8.208"/>
  <testcase classname="Gsreaady.Gsreaady.guru99" name="placeOrder" time="12.663"/>
  <testcase classname="Gsreaady.Gsreaady.guru99" name="genrateCreditCard" time="11.182"/>
  <testcase classname="Gsreaady.Gsreaady.guru99" name="toCheckTheCvvNumber" time="10.892"/>
  <testcase classname="Gsreaady.Gsreaady.guru99" name="toCheckCreditCardLimit" time="8.401"/>
  <testcase classname="Gsreaady.Gsreaady.guru99" name="verifyCartOptions" time="14.831"/>
</testsuite> <!-- Default test -->
